2025-08-05T15:52:17.372+05:30  INFO 17524 --- [deutsche-springboot-demo] [restartedMain] [                                                 ] com.deutsche.demo.App                    : Starting App using Java 17.0.15 with PID 17524 (C:\Users\DELL\OneDrive\Desktop\deutsche-springboot-demo_2025\deutsche-springboot-demo\target\classes started by DELL in C:\Users\DELL\OneDrive\Desktop\deutsche-springboot-demo_2025\deutsche-springboot-demo)
2025-08-05T15:52:17.397+05:30  INFO 17524 --- [deutsche-springboot-demo] [restartedMain] [                                                 ] com.deutsche.demo.App                    : No active profile set, falling back to 1 default profile: "default"
2025-08-05T15:52:17.543+05:30  INFO 17524 --- [deutsche-springboot-demo] [restartedMain] [                                                 ] .e.DevToolsPropertyDefaultsPostProcessor : Devtools property defaults active! Set 'spring.devtools.add-properties' to 'false' to disable
2025-08-05T15:52:17.545+05:30  INFO 17524 --- [deutsche-springboot-demo] [restartedMain] [                                                 ] .e.DevToolsPropertyDefaultsPostProcessor : For additional web related logging consider setting the 'logging.level.web' property to 'DEBUG'
2025-08-05T15:52:20.974+05:30  INFO 17524 --- [deutsche-springboot-demo] [restartedMain] [                                                 ] .s.d.r.c.RepositoryConfigurationDelegate : Bootstrapping Spring Data JPA repositories in DEFAULT mode.
2025-08-05T15:52:21.080+05:30  INFO 17524 --- [deutsche-springboot-demo] [restartedMain] [                                                 ] .s.d.r.c.RepositoryConfigurationDelegate : Finished Spring Data repository scanning in 81 ms. Found 1 JPA repository interface.
2025-08-05T15:52:23.002+05:30  INFO 17524 --- [deutsche-springboot-demo] [restartedMain] [                                                 ] o.s.b.w.embedded.tomcat.TomcatWebServer  : Tomcat initialized with port 8090 (http)
2025-08-05T15:52:23.027+05:30  INFO 17524 --- [deutsche-springboot-demo] [restartedMain] [                                                 ] o.apache.catalina.core.StandardService   : Starting service [Tomcat]
2025-08-05T15:52:23.029+05:30  INFO 17524 --- [deutsche-springboot-demo] [restartedMain] [                                                 ] o.apache.catalina.core.StandardEngine    : Starting Servlet engine: [Apache Tomcat/10.1.43]
2025-08-05T15:52:23.136+05:30  INFO 17524 --- [deutsche-springboot-demo] [restartedMain] [                                                 ] o.a.c.c.C.[.[localhost].[/api/v1]        : Initializing Spring embedded WebApplicationContext
2025-08-05T15:52:23.137+05:30  INFO 17524 --- [deutsche-springboot-demo] [restartedMain] [                                                 ] w.s.c.ServletWebServerApplicationContext : Root WebApplicationContext: initialization completed in 5590 ms
2025-08-05T15:52:24.150+05:30  INFO 17524 --- [deutsche-springboot-demo] [restartedMain] [                                                 ] o.hibernate.jpa.internal.util.LogHelper  : HHH000204: Processing PersistenceUnitInfo [name: default]
2025-08-05T15:52:24.298+05:30  INFO 17524 --- [deutsche-springboot-demo] [restartedMain] [                                                 ] org.hibernate.Version                    : HHH000412: Hibernate ORM core version 6.6.22.Final
2025-08-05T15:52:24.382+05:30  INFO 17524 --- [deutsche-springboot-demo] [restartedMain] [                                                 ] o.h.c.internal.RegionFactoryInitiator    : HHH000026: Second-level cache disabled
2025-08-05T15:52:25.041+05:30  INFO 17524 --- [deutsche-springboot-demo] [restartedMain] [                                                 ] o.s.o.j.p.SpringPersistenceUnitInfo      : No LoadTimeWeaver setup: ignoring JPA class transformer
2025-08-05T15:52:25.133+05:30  INFO 17524 --- [deutsche-springboot-demo] [restartedMain] [                                                 ] com.zaxxer.hikari.HikariDataSource       : HikariPool-1 - Starting...
2025-08-05T15:52:25.719+05:30  INFO 17524 --- [deutsche-springboot-demo] [restartedMain] [                                                 ] com.zaxxer.hikari.pool.HikariPool        : HikariPool-1 - Added connection com.mysql.cj.jdbc.ConnectionImpl@bb9b601
2025-08-05T15:52:25.723+05:30  INFO 17524 --- [deutsche-springboot-demo] [restartedMain] [                                                 ] com.zaxxer.hikari.HikariDataSource       : HikariPool-1 - Start completed.
2025-08-05T15:52:25.908+05:30  INFO 17524 --- [deutsche-springboot-demo] [restartedMain] [                                                 ] org.hibernate.orm.connections.pooling    : HHH10001005: Database info:
	Database JDBC URL [Connecting through datasource 'HikariDataSource (HikariPool-1)']
	Database driver: undefined/unknown
	Database version: 8.0.43
	Autocommit mode: undefined/unknown
	Isolation level: undefined/unknown
	Minimum pool size: undefined/unknown
	Maximum pool size: undefined/unknown
2025-08-05T15:52:27.699+05:30  INFO 17524 --- [deutsche-springboot-demo] [restartedMain] [                                                 ] o.h.e.t.j.p.i.JtaPlatformInitiator       : HHH000489: No JTA platform available (set 'hibernate.transaction.jta.platform' to enable JTA platform integration)
2025-08-05T15:52:27.857+05:30  INFO 17524 --- [deutsche-springboot-demo] [restartedMain] [                                                 ] j.LocalContainerEntityManagerFactoryBean : Initialized JPA EntityManagerFactory for persistence unit 'default'
2025-08-05T15:52:28.696+05:30  WARN 17524 --- [deutsche-springboot-demo] [restartedMain] [                                                 ] JpaBaseConfiguration$JpaWebConfiguration : spring.jpa.open-in-view is enabled by default. Therefore, database queries may be performed during view rendering. Explicitly configure spring.jpa.open-in-view to disable this warning
2025-08-05T15:52:28.957+05:30  INFO 17524 --- [deutsche-springboot-demo] [restartedMain] [                                                 ] r$InitializeUserDetailsManagerConfigurer : Global AuthenticationManager configured with UserDetailsService bean with name userDetailsService
2025-08-05T15:52:29.890+05:30  INFO 17524 --- [deutsche-springboot-demo] [restartedMain] [                                                 ] o.s.b.a.e.web.EndpointLinksResolver      : Exposing 14 endpoints beneath base path '/actuator'
2025-08-05T15:52:30.900+05:30  INFO 17524 --- [deutsche-springboot-demo] [restartedMain] [                                                 ] o.s.b.d.a.OptionalLiveReloadServer       : LiveReload server is running on port 35729
2025-08-05T15:52:31.071+05:30  INFO 17524 --- [deutsche-springboot-demo] [restartedMain] [                                                 ] o.s.b.w.embedded.tomcat.TomcatWebServer  : Tomcat started on port 8090 (http) with context path '/api/v1'
2025-08-05T15:52:31.105+05:30  INFO 17524 --- [deutsche-springboot-demo] [restartedMain] [                                                 ] com.deutsche.demo.App                    : Started App in 14.918 seconds (process running for 17.053)
2025-08-05T15:52:31.230+05:30  INFO 17524 --- [deutsche-springboot-demo] [restartedMain] [                                                 ] com.deutsche.demo.App                    : Started
2025-08-05T16:01:07.431+05:30  INFO 17524 --- [deutsche-springboot-demo] [SpringApplicationShutdownHook] [                                                 ] o.s.b.w.e.tomcat.GracefulShutdown        : Commencing graceful shutdown. Waiting for active requests to complete
2025-08-05T16:01:07.784+05:30  INFO 17524 --- [deutsche-springboot-demo] [tomcat-shutdown] [                                                 ] o.s.b.w.e.tomcat.GracefulShutdown        : Graceful shutdown complete
2025-08-05T16:01:07.989+05:30  INFO 17524 --- [deutsche-springboot-demo] [SpringApplicationShutdownHook] [                                                 ] j.LocalContainerEntityManagerFactoryBean : Closing JPA EntityManagerFactory for persistence unit 'default'
2025-08-05T16:01:08.270+05:30  INFO 17524 --- [deutsche-springboot-demo] [SpringApplicationShutdownHook] [                                                 ] com.zaxxer.hikari.HikariDataSource       : HikariPool-1 - Shutdown initiated...
2025-08-05T16:10:15.763+05:30  INFO 1448 --- [deutsche-springboot-demo] [restartedMain] [                                                 ] com.deutsche.demo.App                    : Starting App using Java 17.0.15 with PID 1448 (C:\Users\DELL\OneDrive\Desktop\deutsche-springboot-demo_2025\deutsche-springboot-demo\target\classes started by DELL in C:\Users\DELL\OneDrive\Desktop\deutsche-springboot-demo_2025\deutsche-springboot-demo)
2025-08-05T16:10:15.776+05:30  INFO 1448 --- [deutsche-springboot-demo] [restartedMain] [                                                 ] com.deutsche.demo.App                    : No active profile set, falling back to 1 default profile: "default"
2025-08-05T16:10:15.933+05:30  INFO 1448 --- [deutsche-springboot-demo] [restartedMain] [                                                 ] .e.DevToolsPropertyDefaultsPostProcessor : Devtools property defaults active! Set 'spring.devtools.add-properties' to 'false' to disable
2025-08-05T16:10:15.935+05:30  INFO 1448 --- [deutsche-springboot-demo] [restartedMain] [                                                 ] .e.DevToolsPropertyDefaultsPostProcessor : For additional web related logging consider setting the 'logging.level.web' property to 'DEBUG'
2025-08-05T16:10:19.817+05:30  INFO 1448 --- [deutsche-springboot-demo] [restartedMain] [                                                 ] .s.d.r.c.RepositoryConfigurationDelegate : Bootstrapping Spring Data JPA repositories in DEFAULT mode.
2025-08-05T16:10:19.918+05:30  INFO 1448 --- [deutsche-springboot-demo] [restartedMain] [                                                 ] .s.d.r.c.RepositoryConfigurationDelegate : Finished Spring Data repository scanning in 85 ms. Found 1 JPA repository interface.
2025-08-05T16:10:21.694+05:30  INFO 1448 --- [deutsche-springboot-demo] [restartedMain] [                                                 ] o.s.b.w.embedded.tomcat.TomcatWebServer  : Tomcat initialized with port 8090 (http)
2025-08-05T16:10:21.718+05:30  INFO 1448 --- [deutsche-springboot-demo] [restartedMain] [                                                 ] o.apache.catalina.core.StandardService   : Starting service [Tomcat]
2025-08-05T16:10:21.719+05:30  INFO 1448 --- [deutsche-springboot-demo] [restartedMain] [                                                 ] o.apache.catalina.core.StandardEngine    : Starting Servlet engine: [Apache Tomcat/10.1.43]
2025-08-05T16:10:21.919+05:30  INFO 1448 --- [deutsche-springboot-demo] [restartedMain] [                                                 ] o.a.c.c.C.[.[localhost].[/api/v1]        : Initializing Spring embedded WebApplicationContext
2025-08-05T16:10:21.920+05:30  INFO 1448 --- [deutsche-springboot-demo] [restartedMain] [                                                 ] w.s.c.ServletWebServerApplicationContext : Root WebApplicationContext: initialization completed in 5983 ms
2025-08-05T16:10:23.621+05:30  INFO 1448 --- [deutsche-springboot-demo] [restartedMain] [                                                 ] o.hibernate.jpa.internal.util.LogHelper  : HHH000204: Processing PersistenceUnitInfo [name: default]
2025-08-05T16:10:23.834+05:30  INFO 1448 --- [deutsche-springboot-demo] [restartedMain] [                                                 ] org.hibernate.Version                    : HHH000412: Hibernate ORM core version 6.6.22.Final
2025-08-05T16:10:23.949+05:30  INFO 1448 --- [deutsche-springboot-demo] [restartedMain] [                                                 ] o.h.c.internal.RegionFactoryInitiator    : HHH000026: Second-level cache disabled
2025-08-05T16:10:24.847+05:30  INFO 1448 --- [deutsche-springboot-demo] [restartedMain] [                                                 ] o.s.o.j.p.SpringPersistenceUnitInfo      : No LoadTimeWeaver setup: ignoring JPA class transformer
2025-08-05T16:10:25.022+05:30  INFO 1448 --- [deutsche-springboot-demo] [restartedMain] [                                                 ] com.zaxxer.hikari.HikariDataSource       : HikariPool-1 - Starting...
2025-08-05T16:10:25.834+05:30  INFO 1448 --- [deutsche-springboot-demo] [restartedMain] [                                                 ] com.zaxxer.hikari.pool.HikariPool        : HikariPool-1 - Added connection com.mysql.cj.jdbc.ConnectionImpl@52dcb8f9
2025-08-05T16:10:25.842+05:30  INFO 1448 --- [deutsche-springboot-demo] [restartedMain] [                                                 ] com.zaxxer.hikari.HikariDataSource       : HikariPool-1 - Start completed.
2025-08-05T16:10:26.164+05:30  INFO 1448 --- [deutsche-springboot-demo] [restartedMain] [                                                 ] org.hibernate.orm.connections.pooling    : HHH10001005: Database info:
	Database JDBC URL [Connecting through datasource 'HikariDataSource (HikariPool-1)']
	Database driver: undefined/unknown
	Database version: 8.0.43
	Autocommit mode: undefined/unknown
	Isolation level: undefined/unknown
	Minimum pool size: undefined/unknown
	Maximum pool size: undefined/unknown
2025-08-05T16:10:28.851+05:30  INFO 1448 --- [deutsche-springboot-demo] [restartedMain] [                                                 ] o.h.e.t.j.p.i.JtaPlatformInitiator       : HHH000489: No JTA platform available (set 'hibernate.transaction.jta.platform' to enable JTA platform integration)
2025-08-05T16:10:29.090+05:30  INFO 1448 --- [deutsche-springboot-demo] [restartedMain] [                                                 ] j.LocalContainerEntityManagerFactoryBean : Initialized JPA EntityManagerFactory for persistence unit 'default'
2025-08-05T16:10:30.503+05:30  WARN 1448 --- [deutsche-springboot-demo] [restartedMain] [                                                 ] JpaBaseConfiguration$JpaWebConfiguration : spring.jpa.open-in-view is enabled by default. Therefore, database queries may be performed during view rendering. Explicitly configure spring.jpa.open-in-view to disable this warning
2025-08-05T16:10:30.897+05:30  INFO 1448 --- [deutsche-springboot-demo] [restartedMain] [                                                 ] r$InitializeUserDetailsManagerConfigurer : Global AuthenticationManager configured with UserDetailsService bean with name userDetailsService
2025-08-05T16:10:32.093+05:30  INFO 1448 --- [deutsche-springboot-demo] [restartedMain] [                                                 ] o.s.b.a.e.web.EndpointLinksResolver      : Exposing 14 endpoints beneath base path '/actuator'
2025-08-05T16:10:33.363+05:30  INFO 1448 --- [deutsche-springboot-demo] [restartedMain] [                                                 ] o.s.b.d.a.OptionalLiveReloadServer       : LiveReload server is running on port 35729
2025-08-05T16:10:33.562+05:30  INFO 1448 --- [deutsche-springboot-demo] [restartedMain] [                                                 ] o.s.b.w.embedded.tomcat.TomcatWebServer  : Tomcat started on port 8090 (http) with context path '/api/v1'
2025-08-05T16:10:33.612+05:30  INFO 1448 --- [deutsche-springboot-demo] [restartedMain] [                                                 ] com.deutsche.demo.App                    : Started App in 19.303 seconds (process running for 21.467)
2025-08-05T16:10:33.751+05:30  INFO 1448 --- [deutsche-springboot-demo] [restartedMain] [                                                 ] com.deutsche.demo.App                    : Started
2025-08-05T16:10:56.790+05:30  INFO 1448 --- [deutsche-springboot-demo] [http-nio-8090-exec-1] [                                                 ] o.a.c.c.C.[.[localhost].[/api/v1]        : Initializing Spring DispatcherServlet 'dispatcherServlet'
2025-08-05T16:10:56.792+05:30  INFO 1448 --- [deutsche-springboot-demo] [http-nio-8090-exec-1] [                                                 ] o.s.web.servlet.DispatcherServlet        : Initializing Servlet 'dispatcherServlet'
2025-08-05T16:10:56.794+05:30  INFO 1448 --- [deutsche-springboot-demo] [http-nio-8090-exec-1] [                                                 ] o.s.web.servlet.DispatcherServlet        : Completed initialization in 2 ms
2025-08-05T16:10:59.125+05:30  WARN 1448 --- [deutsche-springboot-demo] [AsyncReporter{ZipkinHttpClientSender{http://localhost:9411/api/v2/spans}}] [                                                 ] z.r.i.AsyncReporter$BoundedAsyncReporter : Spans were dropped due to exceptions. All subsequent errors will be logged at FINE level.
2025-08-05T16:10:59.126+05:30  WARN 1448 --- [deutsche-springboot-demo] [AsyncReporter{ZipkinHttpClientSender{http://localhost:9411/api/v2/spans}}] [                                                 ] z.r.i.AsyncReporter$BoundedAsyncReporter : Dropped 36 spans due to ConnectException()

java.net.ConnectException: null
	at java.net.http/jdk.internal.net.http.HttpClientImpl.send(HttpClientImpl.java:574) ~[java.net.http:na]
	at java.net.http/jdk.internal.net.http.HttpClientFacade.send(HttpClientFacade.java:123) ~[java.net.http:na]
	at org.springframework.boot.actuate.autoconfigure.tracing.zipkin.ZipkinHttpClientSender.postSpans(ZipkinHttpClientSender.java:60) ~[spring-boot-actuator-autoconfigure-3.5.4.jar:3.5.4]
	at org.springframework.boot.actuate.autoconfigure.tracing.zipkin.HttpSender.postSpans(HttpSender.java:69) ~[spring-boot-actuator-autoconfigure-3.5.4.jar:3.5.4]
	at org.springframework.boot.actuate.autoconfigure.tracing.zipkin.HttpSender.postSpans(HttpSender.java:41) ~[spring-boot-actuator-autoconfigure-3.5.4.jar:3.5.4]
	at zipkin2.reporter.BaseHttpSender.send(BaseHttpSender.java:123) ~[zipkin-reporter-3.5.1.jar:na]
	at zipkin2.reporter.internal.AsyncReporter$BoundedAsyncReporter.flush(AsyncReporter.java:266) ~[zipkin-reporter-3.5.1.jar:na]
	at zipkin2.reporter.internal.AsyncReporter$Flusher.run(AsyncReporter.java:352) ~[zipkin-reporter-3.5.1.jar:na]
	at java.base/java.lang.Thread.run(Thread.java:840) ~[na:na]
Caused by: java.net.ConnectException: null
	at java.net.http/jdk.internal.net.http.common.Utils.toConnectException(Utils.java:1083) ~[java.net.http:na]
	at java.net.http/jdk.internal.net.http.PlainHttpConnection.connectAsync(PlainHttpConnection.java:198) ~[java.net.http:na]
	at java.net.http/jdk.internal.net.http.PlainHttpConnection.checkRetryConnect(PlainHttpConnection.java:230) ~[java.net.http:na]
	at java.net.http/jdk.internal.net.http.PlainHttpConnection.lambda$connectAsync$1(PlainHttpConnection.java:206) ~[java.net.http:na]
	at java.base/java.util.concurrent.CompletableFuture.uniHandle(CompletableFuture.java:934) ~[na:na]
	at java.base/java.util.concurrent.CompletableFuture$UniHandle.tryFire(CompletableFuture.java:911) ~[na:na]
	at java.base/java.util.concurrent.CompletableFuture.postComplete(CompletableFuture.java:510) ~[na:na]
	at java.base/java.util.concurrent.CompletableFuture$AsyncSupply.run(CompletableFuture.java:1773) ~[na:na]
	at java.base/java.util.concurrent.ThreadPoolExecutor.runWorker(ThreadPoolExecutor.java:1136) ~[na:na]
	at java.base/java.util.concurrent.ThreadPoolExecutor$Worker.run(ThreadPoolExecutor.java:635) ~[na:na]
	... 1 common frames omitted
Caused by: java.nio.channels.ClosedChannelException: null
	at java.base/sun.nio.ch.SocketChannelImpl.ensureOpen(SocketChannelImpl.java:195) ~[na:na]
	at java.base/sun.nio.ch.SocketChannelImpl.beginConnect(SocketChannelImpl.java:760) ~[na:na]
	at java.base/sun.nio.ch.SocketChannelImpl.connect(SocketChannelImpl.java:848) ~[na:na]
	at java.net.http/jdk.internal.net.http.PlainHttpConnection.lambda$connectAsync$0(PlainHttpConnection.java:183) ~[java.net.http:na]
	at java.base/java.security.AccessController.doPrivileged(AccessController.java:569) ~[na:na]
	at java.net.http/jdk.internal.net.http.PlainHttpConnection.connectAsync(PlainHttpConnection.java:185) ~[java.net.http:na]
	... 9 common frames omitted

2025-08-05T16:11:00.118+05:30  INFO 1448 --- [deutsche-springboot-demo] [http-nio-8090-exec-10] [6891dfbb26858159df9cd424b7e6f118-006953a765eac06c] o.springdoc.api.AbstractOpenApiResource  : Init duration for springdoc-openapi is: 837 ms
2025-08-05T16:20:04.466+05:30  INFO 1448 --- [deutsche-springboot-demo] [SpringApplicationShutdownHook] [                                                 ] o.s.b.w.e.tomcat.GracefulShutdown        : Commencing graceful shutdown. Waiting for active requests to complete
2025-08-05T16:20:04.699+05:30  INFO 1448 --- [deutsche-springboot-demo] [tomcat-shutdown] [                                                 ] o.s.b.w.e.tomcat.GracefulShutdown        : Graceful shutdown complete
2025-08-05T16:20:04.786+05:30  INFO 1448 --- [deutsche-springboot-demo] [SpringApplicationShutdownHook] [                                                 ] j.LocalContainerEntityManagerFactoryBean : Closing JPA EntityManagerFactory for persistence unit 'default'
2025-08-05T16:20:04.903+05:30  INFO 1448 --- [deutsche-springboot-demo] [SpringApplicationShutdownHook] [                                                 ] com.zaxxer.hikari.HikariDataSource       : HikariPool-1 - Shutdown initiated...
2025-08-05T16:20:04.994+05:30  INFO 1448 --- [deutsche-springboot-demo] [SpringApplicationShutdownHook] [                                                 ] com.zaxxer.hikari.HikariDataSource       : HikariPool-1 - Shutdown completed.
